2022-03-28 21:36:06,719 INFO  [org.jboss.modules] (main) JBoss Modules version 2.0.0.Final
2022-03-28 21:36:09,566 INFO  [org.jboss.msc] (main) JBoss MSC version 1.4.13.Final
2022-03-28 21:36:09,577 INFO  [org.jboss.threads] (main) JBoss Threads version 2.4.0.Final
2022-03-28 21:36:09,735 INFO  [org.jboss.as] (MSC service thread 1-2) WFLYSRV0049: WildFly Full 26.0.1.Final (WildFly Core 18.0.4.Final) starting
2022-03-28 21:36:09,737 DEBUG [org.jboss.as.config] (MSC service thread 1-2) Configured system properties:
	file.encoding = Cp1252
	file.separator = \
	java.awt.headless = true
	java.class.path = E:\Projetos\Tech-Dive-M2\wildfly-26.0.1.Final\jboss-modules.jar
	java.class.version = 61.0
	java.home = C:\Users\Michel\.jdks\openjdk-17.0.1
	java.io.tmpdir = C:\Users\Michel\AppData\Local\Temp\
	java.library.path = C:\Users\Michel\.jdks\openjdk-17.0.1\bin;C:\Windows\Sun\Java\bin;C:\Windows\system32;C:\Windows;C:\Program Files (x86)\Common Files\Oracle\Java\javapath;C:\Windows\system32;C:\Windows;C:\Windows\System32\Wbem;C:\Windows\System32\WindowsPowerShell\v1.0\;C:\Windows\System32\OpenSSH\;C:\Program Files (x86)\NVIDIA Corporation\PhysX\Common;C:\Program Files\NVIDIA Corporation\NVIDIA NvDLISR;C:\Program Files (x86)\Java\jdk1.8.0_271\bin;C:\apache-maven-3.6.3\bin;C:\Program Files\Git\cmd;C:\Program Files\nodejs\;C:\ProgramData\chocolatey\bin;C:\Users\Michel\anaconda3;C:\Users\Michel\anaconda3\Library\mingw-w64\bin;C:\Users\Michel\anaconda3\Library\usr\bin;C:\Users\Michel\anaconda3\Library\bin;C:\Users\Michel\anaconda3\Scripts;C:\Users\Michel\AppData\Local\Microsoft\WindowsApps;C:\Users\Michel\AppData\Local\Programs\Microsoft VS Code\bin;C:\Program Files\JetBrains\IntelliJ IDEA Community Edition 2020.2.3\bin;;C:\Users\Michel\AppData\Local\GitHubDesktop\bin;C:\Users\Michel\AppData\Roaming\npm;C:\apache-maven-3.6.3\bin;;C:\Program Files\JetBrains\IntelliJ IDEA 2021.3.3\bin;;.
	java.net.preferIPv4Stack = true
	java.runtime.name = OpenJDK Runtime Environment
	java.runtime.version = 17.0.1+12-39
	java.specification.name = Java Platform API Specification
	java.specification.vendor = Oracle Corporation
	java.specification.version = 17
	java.util.logging.manager = org.jboss.logmanager.LogManager
	java.vendor = Oracle Corporation
	java.vendor.url = https://java.oracle.com/
	java.vendor.url.bug = https://bugreport.java.com/bugreport/
	java.version = 17.0.1
	java.version.date = 2021-10-19
	java.vm.compressedOopsMode = 32-bit
	java.vm.info = mixed mode, sharing
	java.vm.name = OpenJDK 64-Bit Server VM
	java.vm.specification.name = Java Virtual Machine Specification
	java.vm.specification.vendor = Oracle Corporation
	java.vm.specification.version = 17
	java.vm.vendor = Oracle Corporation
	java.vm.version = 17.0.1+12-39
	javax.management.builder.initial = org.jboss.as.jmx.PluggableMBeanServerBuilder
	jboss.home.dir = E:\Projetos\Tech-Dive-M2\wildfly-26.0.1.Final
	jboss.host.name = desktop-58j9o72
	jboss.modules.dir = E:\Projetos\Tech-Dive-M2\wildfly-26.0.1.Final\modules
	jboss.modules.system.pkgs = org.jboss.byteman
	jboss.node.name = desktop-58j9o72
	jboss.qualified.host.name = desktop-58j9o72
	jboss.server.base.dir = E:\Projetos\Tech-Dive-M2\wildfly-26.0.1.Final\standalone
	jboss.server.config.dir = E:\Projetos\Tech-Dive-M2\wildfly-26.0.1.Final\standalone\configuration
	jboss.server.data.dir = E:\Projetos\Tech-Dive-M2\wildfly-26.0.1.Final\standalone\data
	jboss.server.deploy.dir = E:\Projetos\Tech-Dive-M2\wildfly-26.0.1.Final\standalone\data\content
	jboss.server.log.dir = E:\Projetos\Tech-Dive-M2\wildfly-26.0.1.Final\standalone\log
	jboss.server.name = desktop-58j9o72
	jboss.server.persist.config = true
	jboss.server.temp.dir = E:\Projetos\Tech-Dive-M2\wildfly-26.0.1.Final\standalone\tmp
	jdk.debug = release
	line.separator = 

	logging.configuration = file:E:\Projetos\Tech-Dive-M2\wildfly-26.0.1.Final\standalone\configuration/logging.properties
	module.path = E:\Projetos\Tech-Dive-M2\wildfly-26.0.1.Final\modules
	native.encoding = Cp1252
	org.jboss.boot.log.file = E:\Projetos\Tech-Dive-M2\wildfly-26.0.1.Final\standalone\log\server.log
	org.jboss.resolver.warning = true
	os.arch = amd64
	os.name = Windows 10
	os.version = 10.0
	path.separator = ;
	program.name = standalone.bat
	sun.arch.data.model = 64
	sun.boot.library.path = C:\Users\Michel\.jdks\openjdk-17.0.1\bin
	sun.cpu.endian = little
	sun.cpu.isalist = amd64
	sun.io.unicode.encoding = UnicodeLittle
	sun.java.command = E:\Projetos\Tech-Dive-M2\wildfly-26.0.1.Final\jboss-modules.jar -mp E:\Projetos\Tech-Dive-M2\wildfly-26.0.1.Final\modules org.jboss.as.standalone -Djboss.home.dir=E:\Projetos\Tech-Dive-M2\wildfly-26.0.1.Final
	sun.java.launcher = SUN_STANDARD
	sun.jnu.encoding = Cp1252
	sun.management.compiler = HotSpot 64-Bit Tiered Compilers
	sun.os.patch.level = 
	user.country = BR
	user.dir = E:\Projetos\Tech-Dive-M2\wildfly-26.0.1.Final\bin
	user.home = C:\Users\Michel
	user.language = pt
	user.name = Michel
	user.script = 
	user.timezone = America/Sao_Paulo
	user.variant = 
2022-03-28 21:36:09,740 DEBUG [org.jboss.as.config] (MSC service thread 1-2) VM Arguments: -Dprogram.name=standalone.bat -Xms64M -Xmx512M -XX:MetaspaceSize=96M -XX:MaxMetaspaceSize=256m -Djava.net.preferIPv4Stack=true -Djboss.modules.system.pkgs=org.jboss.byteman -Djava.awt.headless=true --add-exports=java.desktop/sun.awt=ALL-UNNAMED --add-exports=java.naming/com.sun.jndi.ldap=ALL-UNNAMED --add-opens=java.base/java.lang=ALL-UNNAMED --add-opens=java.base/java.lang.invoke=ALL-UNNAMED --add-opens=java.base/java.io=ALL-UNNAMED --add-opens=java.base/java.lang.reflect=ALL-UNNAMED --add-opens=java.base/java.security=ALL-UNNAMED --add-opens=java.base/java.util=ALL-UNNAMED --add-opens=java.base/java.util.concurrent=ALL-UNNAMED --add-opens=java.management/javax.management=ALL-UNNAMED --add-opens=java.naming/javax.naming=ALL-UNNAMED -Dorg.jboss.boot.log.file=E:\Projetos\Tech-Dive-M2\wildfly-26.0.1.Final\standalone\log\server.log -Dlogging.configuration=file:E:\Projetos\Tech-Dive-M2\wildfly-26.0.1.Final\standalone\configuration/logging.properties 
2022-03-28 21:36:12,003 INFO  [org.wildfly.security] (ServerService Thread Pool -- 27) ELY00001: WildFly Elytron version 1.18.3.Final
2022-03-28 21:36:13,382 INFO  [org.jboss.as.server] (Controller Boot Thread) WFLYSRV0039: Creating http management service using socket-binding (management-http)
2022-03-28 21:36:13,405 INFO  [org.xnio] (MSC service thread 1-8) XNIO version 3.8.5.Final
2022-03-28 21:36:13,419 INFO  [org.xnio.nio] (MSC service thread 1-8) XNIO NIO Implementation Version 3.8.5.Final
2022-03-28 21:36:13,505 INFO  [org.jboss.as.jaxrs] (ServerService Thread Pool -- 56) WFLYRS0016: RESTEasy version 4.7.4.Final
2022-03-28 21:36:13,525 INFO  [org.wildfly.extension.io] (ServerService Thread Pool -- 55) WFLYIO001: Worker 'default' has auto-configured to 16 IO threads with 128 max task threads based on your 8 available processors
2022-03-28 21:36:13,533 INFO  [org.wildfly.extension.elytron.oidc._private] (ServerService Thread Pool -- 52) WFLYOIDC0001: Activating WildFly Elytron OIDC Subsystem
2022-03-28 21:36:13,541 INFO  [org.wildfly.extension.health] (ServerService Thread Pool -- 53) WFLYHEALTH0001: Activating Base Health Subsystem
2022-03-28 21:36:13,551 INFO  [org.wildfly.extension.microprofile.jwt.smallrye] (ServerService Thread Pool -- 65) WFLYJWT0001: Activating MicroProfile JWT Subsystem
2022-03-28 21:36:13,553 INFO  [org.wildfly.extension.microprofile.config.smallrye] (ServerService Thread Pool -- 64) WFLYCONF0001: Activating MicroProfile Config Subsystem
2022-03-28 21:36:13,557 WARN  [org.jboss.as.txn] (ServerService Thread Pool -- 74) WFLYTX0013: The node-identifier attribute on the /subsystem=transactions is set to the default value. This is a danger for environments running multiple servers. Please make sure the attribute value is unique.
2022-03-28 21:36:13,579 INFO  [org.jboss.as.clustering.infinispan] (ServerService Thread Pool -- 54) WFLYCLINF0001: Activating Infinispan subsystem.
2022-03-28 21:36:13,626 INFO  [org.jboss.as.jsf] (ServerService Thread Pool -- 61) WFLYJSF0007: Activated the following Jakarta Server Faces Implementations: [main]
2022-03-28 21:36:13,652 INFO  [org.wildfly.extension.microprofile.opentracing] (ServerService Thread Pool -- 66) WFLYTRACEXT0001: Activating MicroProfile OpenTracing Subsystem
2022-03-28 21:36:13,664 INFO  [org.wildfly.extension.metrics] (ServerService Thread Pool -- 63) WFLYMETRICS0001: Activating Base Metrics Subsystem
2022-03-28 21:36:13,779 INFO  [org.jboss.as.naming] (ServerService Thread Pool -- 67) WFLYNAM0001: Activating Naming Subsystem
2022-03-28 21:36:14,350 INFO  [org.jboss.as.naming] (MSC service thread 1-7) WFLYNAM0003: Starting Naming Service
2022-03-28 21:36:15,341 INFO  [org.jboss.as.ejb3] (MSC service thread 1-4) WFLYEJB0482: Strict pool mdb-strict-max-pool is using a max instance size of 32 (per class), which is derived from the number of CPUs on this host.
2022-03-28 21:36:13,782 INFO  [org.jboss.as.webservices] (ServerService Thread Pool -- 76) WFLYWS0002: Activating WebServices Extension
2022-03-28 21:36:14,317 WARN  [org.wildfly.extension.elytron] (MSC service thread 1-5) WFLYELY00023: KeyStore file 'E:\Projetos\Tech-Dive-M2\wildfly-26.0.1.Final\standalone\configuration\application.keystore' does not exist. Used blank.
2022-03-28 21:36:15,420 INFO  [org.jboss.as.ejb3] (MSC service thread 1-1) WFLYEJB0481: Strict pool slsb-strict-max-pool is using a max instance size of 128 (per class), which is derived from thread worker pool sizing.
2022-03-28 21:36:14,236 INFO  [org.wildfly.extension.undertow] (ServerService Thread Pool -- 75) WFLYUT0014: Creating file handler for path 'E:\Projetos\Tech-Dive-M2\wildfly-26.0.1.Final/welcome-content' with options [directory-listing: 'false', follow-symlink: 'false', case-sensitive: 'true', safe-symlink-paths: '[]']
2022-03-28 21:36:13,982 INFO  [org.wildfly.extension.undertow] (MSC service thread 1-2) WFLYUT0003: Undertow 2.2.14.Final starting
2022-03-28 21:36:13,983 INFO  [org.jboss.as.connector.subsystems.datasources] (ServerService Thread Pool -- 44) WFLYJCA0004: Deploying JDBC-compliant driver class org.h2.Driver (version 1.4)
2022-03-28 21:36:13,857 INFO  [org.jboss.remoting] (MSC service thread 1-8) JBoss Remoting version 5.0.23.Final
2022-03-28 21:36:13,881 INFO  [org.jboss.as.connector] (MSC service thread 1-3) WFLYJCA0009: Starting Jakarta Connectors Subsystem (WildFly/IronJacamar 1.5.3.Final)
2022-03-28 21:36:18,841 INFO  [org.jboss.as.mail.extension] (MSC service thread 1-3) WFLYMAIL0001: Bound mail session [java:jboss/mail/Default]
2022-03-28 21:36:18,861 INFO  [org.jboss.as.connector.deployers.jdbc] (MSC service thread 1-2) WFLYJCA0018: Started Driver service with driver-name = h2
2022-03-28 21:36:18,931 WARN  [org.wildfly.extension.elytron] (MSC service thread 1-8) WFLYELY01084: KeyStore E:\Projetos\Tech-Dive-M2\wildfly-26.0.1.Final\standalone\configuration\application.keystore not found, it will be auto generated on first use with a self-signed certificate for host localhost
2022-03-28 21:36:18,966 INFO  [org.wildfly.extension.undertow] (MSC service thread 1-3) WFLYUT0012: Started server default-server.
2022-03-28 21:36:18,968 INFO  [org.wildfly.extension.undertow] (MSC service thread 1-1) Queuing requests.
2022-03-28 21:36:18,973 INFO  [org.wildfly.extension.undertow] (MSC service thread 1-1) WFLYUT0018: Host default-host starting
2022-03-28 21:36:19,225 INFO  [org.wildfly.extension.undertow] (MSC service thread 1-3) WFLYUT0006: Undertow HTTP listener default listening on 127.0.0.1:8080
2022-03-28 21:36:19,509 INFO  [org.wildfly.extension.undertow] (MSC service thread 1-4) WFLYUT0006: Undertow HTTPS listener https listening on 127.0.0.1:8443
2022-03-28 21:36:19,604 INFO  [org.jboss.as.ejb3] (MSC service thread 1-3) WFLYEJB0493: Jakarta Enterprise Beans subsystem suspension complete
2022-03-28 21:36:19,843 INFO  [org.jboss.as.connector.subsystems.datasources] (MSC service thread 1-4) WFLYJCA0001: Bound data source [java:jboss/datasources/ExampleDS]
2022-03-28 21:36:20,020 INFO  [org.jboss.as.patching] (MSC service thread 1-3) WFLYPAT0050: WildFly Full cumulative patch ID is: base, one-off patches include: none
2022-03-28 21:36:20,026 INFO  [org.jboss.as.server.deployment.scanner] (MSC service thread 1-7) WFLYDS0013: Started FileSystemDeploymentService for directory E:\Projetos\Tech-Dive-M2\wildfly-26.0.1.Final\standalone\deployments
2022-03-28 21:36:20,198 INFO  [org.jboss.ws.common.management] (MSC service thread 1-8) JBWS022052: Starting JBossWS 5.4.4.Final (Apache CXF 3.4.5) 
2022-03-28 21:36:20,392 INFO  [org.jboss.as.server] (Controller Boot Thread) WFLYSRV0212: Resuming server
2022-03-28 21:36:20,395 INFO  [org.jboss.as] (Controller Boot Thread) WFLYSRV0025: WildFly Full 26.0.1.Final (WildFly Core 18.0.4.Final) started in 19151ms - Started 298 of 538 services (337 services are lazy, passive or on-demand)
2022-03-28 21:36:20,398 INFO  [org.jboss.as] (Controller Boot Thread) WFLYSRV0060: Http management interface listening on http://127.0.0.1:9990/management
2022-03-28 21:36:20,399 INFO  [org.jboss.as] (Controller Boot Thread) WFLYSRV0051: Admin console listening on http://127.0.0.1:9990
2022-03-28 21:36:22,231 INFO  [org.jboss.as.server.deployment] (MSC service thread 1-1) WFLYSRV0027: Starting deployment of "projeto.war" (runtime-name: "projeto.war")
2022-03-28 21:36:23,484 INFO  [org.jboss.weld.deployer] (MSC service thread 1-6) WFLYWELD0003: Processing weld deployment projeto.war
2022-03-28 21:36:23,652 INFO  [org.hibernate.validator.internal.util.Version] (MSC service thread 1-6) HV000001: Hibernate Validator 6.0.22.Final
2022-03-28 21:36:24,182 INFO  [io.jaegertracing.internal.JaegerTracer] (MSC service thread 1-6) No shutdown hook registered: Please call close() manually on application shutdown.
2022-03-28 21:36:24,184 INFO  [org.wildfly.microprofile.opentracing.smallrye] (MSC service thread 1-6) WFLYTRAC0001: Tracer initialized: JaegerTracer(version=Java-1.6.0, serviceName=projeto.war, reporter=RemoteReporter(sender=org.wildfly.extension.microprofile.opentracing.spi.sender.WildFlySender@26d8b561, closeEnqueueTimeout=1000), sampler=ConstSampler(decision=true, tags={sampler.type=const, sampler.param=true}), tags={hostname=DESKTOP-58J9O72, jaeger.version=Java-1.6.0, ip=192.168.1.7}, zipkinSharedRpcSpan=false, expandExceptionLogs=false, useTraceId128Bit=false)
2022-03-28 21:36:24,321 INFO  [org.jboss.weld.Version] (MSC service thread 1-4) WELD-000900: 3.1.8 (Final)
2022-03-28 21:36:24,718 INFO  [org.infinispan.CONTAINER] (ServerService Thread Pool -- 78) ISPN000128: Infinispan version: Infinispan 'Taedonggang' 12.1.7.Final
2022-03-28 21:36:24,820 INFO  [org.infinispan.CONFIG] (MSC service thread 1-2) ISPN000152: Passivation configured without an eviction policy being selected. Only manually evicted entities will be passivated.
2022-03-28 21:36:24,822 INFO  [org.infinispan.CONFIG] (MSC service thread 1-2) ISPN000152: Passivation configured without an eviction policy being selected. Only manually evicted entities will be passivated.
2022-03-28 21:36:24,909 INFO  [org.infinispan.CONTAINER] (ServerService Thread Pool -- 78) ISPN000556: Starting user marshaller 'org.wildfly.clustering.infinispan.spi.marshalling.InfinispanProtoStreamMarshaller'
2022-03-28 21:36:25,060 INFO  [org.infinispan.CONTAINER] (ServerService Thread Pool -- 78) ISPN000025: wakeUpInterval is <= 0, not starting expired purge thread
2022-03-28 21:36:25,095 INFO  [org.jboss.as.clustering.infinispan] (ServerService Thread Pool -- 78) WFLYCLINF0002: Started http-remoting-connector cache from ejb container
2022-03-28 21:36:25,984 INFO  [org.jboss.resteasy.resteasy_jaxrs.i18n] (ServerService Thread Pool -- 32) RESTEASY002225: Deploying javax.ws.rs.core.Application: class dive.tech.projeto.HelloApplication$Proxy$_$$_WeldClientProxy
2022-03-28 21:36:26,090 INFO  [org.wildfly.extension.undertow] (ServerService Thread Pool -- 32) WFLYUT0021: Registered web context: '/projeto' for server 'default-server'
2022-03-28 21:36:26,159 INFO  [org.jboss.as.server] (management-handler-thread - 1) WFLYSRV0010: Deployed "projeto.war" (runtime-name : "projeto.war")
2022-03-28 21:57:54,331 INFO  [org.wildfly.extension.undertow] (ServerService Thread Pool -- 32) WFLYUT0022: Unregistered web context: '/projeto' from server 'default-server'
2022-03-28 21:57:55,064 INFO  [org.jboss.as.server.deployment] (MSC service thread 1-5) WFLYSRV0028: Stopped deployment projeto.war (runtime-name: projeto.war) in 748ms
2022-03-28 21:57:55,663 INFO  [org.jboss.as.server] (management-handler-thread - 2) WFLYSRV0009: Undeployed "projeto.war" (runtime-name: "projeto.war")
2022-03-28 21:57:55,835 INFO  [org.jboss.as.server] (management-handler-thread - 2) WFLYSRV0272: Suspending server
2022-03-28 21:57:55,895 INFO  [org.jboss.as.ejb3] (management-handler-thread - 2) WFLYEJB0493: Jakarta Enterprise Beans subsystem suspension complete
2022-03-28 21:57:55,897 INFO  [org.jboss.as.server] (Management Triggered Shutdown) WFLYSRV0241: Shutting down in response to management operation 'shutdown'
2022-03-28 21:57:55,971 INFO  [org.jboss.as.connector.subsystems.datasources] (MSC service thread 1-4) WFLYJCA0010: Unbound data source [java:jboss/datasources/ExampleDS]
2022-03-28 21:57:55,979 INFO  [org.jboss.as.mail.extension] (MSC service thread 1-4) WFLYMAIL0002: Unbound mail session [java:jboss/mail/Default]
2022-03-28 21:57:55,979 INFO  [org.wildfly.extension.undertow] (MSC service thread 1-1) WFLYUT0019: Host default-host stopping
2022-03-28 21:57:55,987 INFO  [org.wildfly.extension.undertow] (MSC service thread 1-4) WFLYUT0008: Undertow HTTPS listener https suspending
2022-03-28 21:57:55,988 INFO  [org.wildfly.extension.undertow] (MSC service thread 1-4) WFLYUT0007: Undertow HTTPS listener https stopped, was bound to 127.0.0.1:8443
2022-03-28 21:57:55,990 INFO  [org.jboss.as.connector.deployers.jdbc] (MSC service thread 1-7) WFLYJCA0019: Stopped Driver service with driver-name = h2
2022-03-28 21:57:56,244 INFO  [org.wildfly.extension.undertow] (MSC service thread 1-4) WFLYUT0008: Undertow HTTP listener default suspending
2022-03-28 21:57:56,244 INFO  [org.wildfly.extension.undertow] (MSC service thread 1-4) WFLYUT0007: Undertow HTTP listener default stopped, was bound to 127.0.0.1:8080
2022-03-28 21:57:56,245 INFO  [org.wildfly.extension.undertow] (MSC service thread 1-8) WFLYUT0004: Undertow 2.2.14.Final stopping
2022-03-28 21:57:56,308 INFO  [org.jboss.as.clustering.infinispan] (ServerService Thread Pool -- 32) WFLYCLINF0003: Stopped http-remoting-connector cache from ejb container
2022-03-28 21:57:56,309 INFO  [org.infinispan.manager.DefaultCacheManager] (ServerService Thread Pool -- 32) Stopping cache manager null on null
2022-03-28 21:57:56,316 INFO  [org.jboss.as] (MSC service thread 1-8) WFLYSRV0050: WildFly Full 26.0.1.Final (WildFly Core 18.0.4.Final) stopped in 350ms
